#
# There is insufficient memory for the Java Runtime Environment to continue.
# Native memory allocation (malloc) failed to allocate 2346272 bytes for Chunk::new
# Possible reasons:
#   The system is out of physical RAM or swap space
#   The process is running with CompressedOops enabled, and the Java Heap may be blocking the growth of the native heap
# Possible solutions:
#   Reduce memory load on the system
#   Increase physical memory or swap space
#   Check if swap backing store is full
#   Decrease Java heap size (-Xmx/-Xms)
#   Decrease number of Java threads
#   Decrease Java thread stack sizes (-Xss)
#   Set larger code cache with -XX:ReservedCodeCacheSize=
#   JVM is running with Unscaled Compressed Oops mode in which the Java heap is
#     placed in the first 4GB address space. The Java Heap base address is the
#     maximum limit for the native heap growth. Please use -XX:HeapBaseMinAddress
#     to set the Java Heap base and to place the Java Heap above 4GB virtual address.
# This output file may be truncated or incomplete.
#
#  Out of Memory Error (arena.cpp:189), pid=3952, tid=20860
#
# JRE version: Java(TM) SE Runtime Environment (17.0.8+9) (build 17.0.8+9-LTS-211)
# Java VM: Java HotSpot(TM) 64-Bit Server VM (17.0.8+9-LTS-211, mixed mode, sharing, tiered, compressed oops, compressed class ptrs, g1 gc, windows-amd64)
# No core dump will be written. Minidumps are not enabled by default on client versions of Windows
#

---------------  S U M M A R Y ------------

Command Line: -Dclassworlds.conf=E:\KHANG\TaiLieu\LTWEB\Tool\apache-maven-3.8.6-bin\apache-maven-3.8.6\bin\m2.conf -Dmaven.home=E:\KHANG\TaiLieu\LTWEB\Tool\apache-maven-3.8.6-bin\apache-maven-3.8.6 -Dlibrary.jansi.path=E:\KHANG\TaiLieu\LTWEB\Tool\apache-maven-3.8.6-bin\apache-maven-3.8.6\lib\jansi-native -Dmaven.multiModuleProjectDirectory=D:\khang\JETBRAIN_INTELLIJ\TIEULUANCHUYENNGANH\test\shoe-shop org.codehaus.plexus.classworlds.launcher.Launcher clean install -DskipTests

Host: Intel(R) Core(TM) i5-1035G1 CPU @ 1.00GHz, 8 cores, 7G,  Windows 11 , 64 bit Build 22621 (10.0.22621.2506)
Time: Thu Dec 21 21:53:24 2023 SE Asia Standard Time elapsed time: 9.859901 seconds (0d 0h 0m 9s)

---------------  T H R E A D  ---------------

Current thread (0x0000025e95010a30):  JavaThread "C2 CompilerThread0" daemon [_thread_in_native, id=20860, stack(0x0000009322200000,0x0000009322300000)]


Current CompileTask:
C2:   9860 6986       4       lombok.core.AST::buildWithCollection (128 bytes)

Stack: [0x0000009322200000,0x0000009322300000]
Native frames: (J=compiled Java code, j=interpreted, Vv=VM code, C=native code)
V  [jvm.dll+0x677d0a]
V  [jvm.dll+0x7d8c54]
V  [jvm.dll+0x7da3fe]
V  [jvm.dll+0x7daa63]
V  [jvm.dll+0x245c5f]
V  [jvm.dll+0xaaa6b]
V  [jvm.dll+0xab00c]
V  [jvm.dll+0x361e8e]
V  [jvm.dll+0x32c551]
V  [jvm.dll+0x32b9ea]
V  [jvm.dll+0x217fff]
V  [jvm.dll+0x217431]
V  [jvm.dll+0x1a3af0]
V  [jvm.dll+0x2270be]
V  [jvm.dll+0x22535b]
V  [jvm.dll+0x78e7bc]
V  [jvm.dll+0x788bba]
V  [jvm.dll+0x676b35]
C  [ucrtbase.dll+0x29363]
C  [KERNEL32.DLL+0x1257d]
C  [ntdll.dll+0x5aa58]


---------------  P R O C E S S  ---------------

Threads class SMR info:
_java_thread_list=0x0000025edbc46c80, length=13, elements={
0x0000025ef6fd0e20, 0x0000025e94ff6820, 0x0000025e94ff73d0, 0x0000025e95009b10,
0x0000025e9500c5d0, 0x0000025e9500ef90, 0x0000025e9500f940, 0x0000025e95010a30,
0x0000025e9501d410, 0x0000025e95028200, 0x0000025e9525d5d0, 0x0000025e95265730,
0x0000025edc3d7480
}

Java Threads: ( => current thread )
  0x0000025ef6fd0e20 JavaThread "main" [_thread_in_Java, id=4396, stack(0x0000009321500000,0x0000009321600000)]
  0x0000025e94ff6820 JavaThread "Reference Handler" daemon [_thread_blocked, id=21760, stack(0x0000009321c00000,0x0000009321d00000)]
  0x0000025e94ff73d0 JavaThread "Finalizer" daemon [_thread_blocked, id=17308, stack(0x0000009321d00000,0x0000009321e00000)]
  0x0000025e95009b10 JavaThread "Signal Dispatcher" daemon [_thread_blocked, id=17132, stack(0x0000009321e00000,0x0000009321f00000)]
  0x0000025e9500c5d0 JavaThread "Attach Listener" daemon [_thread_blocked, id=13844, stack(0x0000009321f00000,0x0000009322000000)]
  0x0000025e9500ef90 JavaThread "Service Thread" daemon [_thread_blocked, id=4828, stack(0x0000009322000000,0x0000009322100000)]
  0x0000025e9500f940 JavaThread "Monitor Deflation Thread" daemon [_thread_blocked, id=11316, stack(0x0000009322100000,0x0000009322200000)]
=>0x0000025e95010a30 JavaThread "C2 CompilerThread0" daemon [_thread_in_native, id=20860, stack(0x0000009322200000,0x0000009322300000)]
  0x0000025e9501d410 JavaThread "C1 CompilerThread0" daemon [_thread_blocked, id=23248, stack(0x0000009322300000,0x0000009322400000)]
  0x0000025e95028200 JavaThread "Sweeper thread" daemon [_thread_blocked, id=20408, stack(0x0000009322400000,0x0000009322500000)]
  0x0000025e9525d5d0 JavaThread "Notification Thread" daemon [_thread_blocked, id=19056, stack(0x0000009322500000,0x0000009322600000)]
  0x0000025e95265730 JavaThread "Common-Cleaner" daemon [_thread_blocked, id=8764, stack(0x0000009322700000,0x0000009322800000)]
  0x0000025edc3d7480 JavaThread "C2 CompilerThread1" daemon [_thread_in_native, id=20936, stack(0x0000009323000000,0x0000009323100000)]

Other Threads:
  0x0000025e94ff0d70 VMThread "VM Thread" [stack: 0x0000009321b00000,0x0000009321c00000] [id=8288]
  0x0000025e9525eab0 WatcherThread [stack: 0x0000009322600000,0x0000009322700000] [id=16492]
  0x0000025ef702b2b0 GCTaskThread "GC Thread#0" [stack: 0x0000009321600000,0x0000009321700000] [id=17972]
  0x0000025e9535b810 GCTaskThread "GC Thread#1" [stack: 0x0000009322900000,0x0000009322a00000] [id=18188]
  0x0000025e95a8b810 GCTaskThread "GC Thread#2" [stack: 0x0000009322a00000,0x0000009322b00000] [id=4772]
  0x0000025e95ada570 GCTaskThread "GC Thread#3" [stack: 0x0000009322b00000,0x0000009322c00000] [id=3712]
  0x0000025e95b56d90 GCTaskThread "GC Thread#4" [stack: 0x0000009322c00000,0x0000009322d00000] [id=18820]
  0x0000025e95d804c0 GCTaskThread "GC Thread#5" [stack: 0x0000009322d00000,0x0000009322e00000] [id=20344]
  0x0000025e95ad2170 GCTaskThread "GC Thread#6" [stack: 0x0000009322e00000,0x0000009322f00000] [id=26004]
  0x0000025edb2f40d0 GCTaskThread "GC Thread#7" [stack: 0x0000009322f00000,0x0000009323000000] [id=25620]
  0x0000025ef703d210 ConcurrentGCThread "G1 Main Marker" [stack: 0x0000009321700000,0x0000009321800000] [id=25028]
  0x0000025ef703e3c0 ConcurrentGCThread "G1 Conc#0" [stack: 0x0000009321800000,0x0000009321900000] [id=4436]
  0x0000025edbe3f770 ConcurrentGCThread "G1 Conc#1" [stack: 0x0000009322800000,0x0000009322900000] [id=21968]
  0x0000025ef7097470 ConcurrentGCThread "G1 Refine#0" [stack: 0x0000009321900000,0x0000009321a00000] [id=12980]
  0x0000025edc0bffb0 ConcurrentGCThread "G1 Refine#1" [stack: 0x0000009323100000,0x0000009323200000] [id=1192]
  0x0000025edc0c13d0 ConcurrentGCThread "G1 Refine#2" [stack: 0x0000009323200000,0x0000009323300000] [id=25364]
  0x0000025edc0c16b0 ConcurrentGCThread "G1 Refine#3" [stack: 0x0000009323300000,0x0000009323400000] [id=26244]
  0x0000025e94eb20c0 ConcurrentGCThread "G1 Service" [stack: 0x0000009321a00000,0x0000009321b00000] [id=14224]

Threads with active compile tasks:
C2 CompilerThread0     9927 6986       4       lombok.core.AST::buildWithCollection (128 bytes)
C2 CompilerThread1     9927 6852   !   4       lombok.javac.JavacAST::drill (146 bytes)

VM state: not at safepoint (normal execution)

VM Mutex/Monitor currently owned by a thread: None

Heap address: 0x0000000083000000, size: 2000 MB, Compressed Oops mode: 32-bit

CDS archive(s) mapped at: [0x0000025e96000000-0x0000025e96bd0000-0x0000025e96bd0000), size 12386304, SharedBaseAddress: 0x0000025e96000000, ArchiveRelocationMode: 1.
Compressed class space mapped at: 0x0000025e97000000-0x0000025ed7000000, reserved size: 1073741824
Narrow klass base: 0x0000025e96000000, Narrow klass shift: 0, Narrow klass range: 0x100000000

GC Precious Log:
 CPUs: 8 total, 8 available
 Memory: 7997M
 Large Page Support: Disabled
 NUMA Support: Disabled
 Compressed Oops: Enabled (32-bit)
 Heap Region Size: 1M
 Heap Min Capacity: 8M
 Heap Initial Capacity: 126M
 Heap Max Capacity: 2000M
 Pre-touch: Disabled
 Parallel Workers: 8
 Concurrent Workers: 2
 Concurrent Refinement Workers: 8
 Periodic GC: Disabled

Heap:
 garbage-first heap   total 244736K, used 162304K [0x0000000083000000, 0x0000000100000000)
  region size 1024K, 111 young (113664K), 4 survivors (4096K)
 Metaspace       used 27123K, committed 27456K, reserved 1114112K
  class space    used 2957K, committed 3136K, reserved 1048576K

Heap Regions: E=young(eden), S=young(survivor), O=old, HS=humongous(starts), HC=humongous(continues), CS=collection set, F=free, OA=open archive, CA=closed archive, TAMS=top-at-mark-start (previous, next)
|   0|0x0000000083000000, 0x0000000083100000, 0x0000000083100000|100%| O|  |TAMS 0x0000000083100000, 0x0000000083000000| Untracked 
|   1|0x0000000083100000, 0x0000000083200000, 0x0000000083200000|100%|HS|  |TAMS 0x0000000083100000, 0x0000000083100000| Complete 
|   2|0x0000000083200000, 0x0000000083300000, 0x0000000083300000|100%| O|  |TAMS 0x0000000083300000, 0x0000000083200000| Untracked 
|   3|0x0000000083300000, 0x0000000083400000, 0x0000000083400000|100%| O|  |TAMS 0x0000000083400000, 0x0000000083300000| Untracked 
|   4|0x0000000083400000, 0x0000000083500000, 0x0000000083500000|100%| O|  |TAMS 0x0000000083500000, 0x0000000083400000| Untracked 
|   5|0x0000000083500000, 0x0000000083600000, 0x0000000083600000|100%| O|  |TAMS 0x0000000083600000, 0x0000000083500000| Untracked 
|   6|0x0000000083600000, 0x0000000083700000, 0x0000000083700000|100%| O|  |TAMS 0x0000000083700000, 0x0000000083600000| Untracked 
|   7|0x0000000083700000, 0x0000000083800000, 0x0000000083800000|100%| O|  |TAMS 0x0000000083800000, 0x0000000083700000| Untracked 
|   8|0x0000000083800000, 0x0000000083900000, 0x0000000083900000|100%| O|  |TAMS 0x0000000083900000, 0x0000000083800000| Untracked 
|   9|0x0000000083900000, 0x0000000083a00000, 0x0000000083a00000|100%| O|  |TAMS 0x0000000083a00000, 0x0000000083900000| Untracked 
|  10|0x0000000083a00000, 0x0000000083b00000, 0x0000000083b00000|100%| O|  |TAMS 0x0000000083b00000, 0x0000000083a00000| Untracked 
|  11|0x0000000083b00000, 0x0000000083c00000, 0x0000000083c00000|100%| O|  |TAMS 0x0000000083c00000, 0x0000000083b00000| Untracked 
|  12|0x0000000083c00000, 0x0000000083d00000, 0x0000000083d00000|100%| O|  |TAMS 0x0000000083c4a600, 0x0000000083c00000| Untracked 
|  13|0x0000000083d00000, 0x0000000083e00000, 0x0000000083e00000|100%| O|  |TAMS 0x0000000083d00000, 0x0000000083d00000| Untracked 
|  14|0x0000000083e00000, 0x0000000083f00000, 0x0000000083f00000|100%| O|  |TAMS 0x0000000083e00000, 0x0000000083e00000| Untracked 
|  15|0x0000000083f00000, 0x0000000084000000, 0x0000000084000000|100%|HS|  |TAMS 0x0000000084000000, 0x0000000083f00000| Complete 
|  16|0x0000000084000000, 0x0000000084100000, 0x0000000084100000|100%|HC|  |TAMS 0x0000000084100000, 0x0000000084000000| Complete 
|  17|0x0000000084100000, 0x0000000084200000, 0x0000000084200000|100%| O|  |TAMS 0x0000000084100000, 0x0000000084100000| Untracked 
|  18|0x0000000084200000, 0x0000000084300000, 0x0000000084300000|100%| O|  |TAMS 0x0000000084200000, 0x0000000084200000| Untracked 
|  19|0x0000000084300000, 0x0000000084400000, 0x0000000084400000|100%| O|  |TAMS 0x0000000084300000, 0x0000000084300000| Untracked 
|  20|0x0000000084400000, 0x0000000084500000, 0x0000000084500000|100%| O|  |TAMS 0x0000000084400000, 0x0000000084400000| Untracked 
|  21|0x0000000084500000, 0x0000000084600000, 0x0000000084600000|100%| O|  |TAMS 0x0000000084500000, 0x0000000084500000| Untracked 
|  22|0x0000000084600000, 0x0000000084700000, 0x0000000084700000|100%|HS|  |TAMS 0x0000000084600000, 0x0000000084600000| Complete 
|  23|0x0000000084700000, 0x0000000084800000, 0x0000000084800000|100%|HS|  |TAMS 0x0000000084700000, 0x0000000084700000| Complete 
|  24|0x0000000084800000, 0x0000000084900000, 0x0000000084900000|100%| O|  |TAMS 0x0000000084800000, 0x0000000084800000| Untracked 
|  25|0x0000000084900000, 0x0000000084a00000, 0x0000000084a00000|100%| O|  |TAMS 0x0000000084900000, 0x0000000084900000| Untracked 
|  26|0x0000000084a00000, 0x0000000084b00000, 0x0000000084b00000|100%| O|  |TAMS 0x0000000084a00000, 0x0000000084a00000| Untracked 
|  27|0x0000000084b00000, 0x0000000084c00000, 0x0000000084c00000|100%| O|  |TAMS 0x0000000084b00000, 0x0000000084b00000| Untracked 
|  28|0x0000000084c00000, 0x0000000084d00000, 0x0000000084d00000|100%| O|  |TAMS 0x0000000084c00000, 0x0000000084c00000| Untracked 
|  29|0x0000000084d00000, 0x0000000084e00000, 0x0000000084e00000|100%| O|  |TAMS 0x0000000084d00000, 0x0000000084d00000| Untracked 
|  30|0x0000000084e00000, 0x0000000084f00000, 0x0000000084f00000|100%| O|  |TAMS 0x0000000084e00000, 0x0000000084e00000| Untracked 
|  31|0x0000000084f00000, 0x0000000085000000, 0x0000000085000000|100%| O|  |TAMS 0x0000000084f00000, 0x0000000084f00000| Untracked 
|  32|0x0000000085000000, 0x0000000085080000, 0x0000000085100000| 50%| O|  |TAMS 0x0000000085000000, 0x0000000085000000| Untracked 
|  33|0x0000000085100000, 0x0000000085200000, 0x0000000085200000|100%|HS|  |TAMS 0x0000000085100000, 0x0000000085100000| Complete 
|  34|0x0000000085200000, 0x0000000085300000, 0x0000000085300000|100%|HC|  |TAMS 0x0000000085200000, 0x0000000085200000| Complete 
|  35|0x0000000085300000, 0x0000000085300000, 0x0000000085400000|  0%| F|  |TAMS 0x0000000085300000, 0x0000000085300000| Untracked 
|  36|0x0000000085400000, 0x0000000085400000, 0x0000000085500000|  0%| F|  |TAMS 0x0000000085400000, 0x0000000085400000| Untracked 
|  37|0x0000000085500000, 0x0000000085500000, 0x0000000085600000|  0%| F|  |TAMS 0x0000000085500000, 0x0000000085500000| Untracked 
|  38|0x0000000085600000, 0x0000000085600000, 0x0000000085700000|  0%| F|  |TAMS 0x0000000085600000, 0x0000000085600000| Untracked 
|  39|0x0000000085700000, 0x0000000085800000, 0x0000000085800000|100%| O|  |TAMS 0x0000000085700000, 0x0000000085700000| Untracked 
|  40|0x0000000085800000, 0x0000000085900000, 0x0000000085900000|100%| O|  |TAMS 0x0000000085800000, 0x0000000085800000| Untracked 
|  41|0x0000000085900000, 0x0000000085a00000, 0x0000000085a00000|100%| O|  |TAMS 0x0000000085900000, 0x0000000085900000| Untracked 
|  42|0x0000000085a00000, 0x0000000085b00000, 0x0000000085b00000|100%| O|  |TAMS 0x0000000085a00000, 0x0000000085a00000| Untracked 
|  43|0x0000000085b00000, 0x0000000085c00000, 0x0000000085c00000|100%| O|  |TAMS 0x0000000085b00000, 0x0000000085b00000| Untracked 
|  44|0x0000000085c00000, 0x0000000085d00000, 0x0000000085d00000|100%| O|  |TAMS 0x0000000085c00000, 0x0000000085c00000| Untracked 
|  45|0x0000000085d00000, 0x0000000085e00000, 0x0000000085e00000|100%| O|  |TAMS 0x0000000085d00000, 0x0000000085d00000| Untracked 
|  46|0x0000000085e00000, 0x0000000085e00000, 0x0000000085f00000|  0%| F|  |TAMS 0x0000000085e00000, 0x0000000085e00000| Untracked 
|  47|0x0000000085f00000, 0x0000000085f00000, 0x0000000086000000|  0%| F|  |TAMS 0x0000000085f00000, 0x0000000085f00000| Untracked 
|  48|0x0000000086000000, 0x0000000086000000, 0x0000000086100000|  0%| F|  |TAMS 0x0000000086000000, 0x0000000086000000| Untracked 
|  49|0x0000000086100000, 0x0000000086100000, 0x0000000086200000|  0%| F|  |TAMS 0x0000000086100000, 0x0000000086100000| Untracked 
|  50|0x0000000086200000, 0x0000000086200000, 0x0000000086300000|  0%| F|  |TAMS 0x0000000086200000, 0x0000000086200000| Untracked 
|  51|0x0000000086300000, 0x0000000086300000, 0x0000000086400000|  0%| F|  |TAMS 0x0000000086300000, 0x0000000086300000| Untracked 
|  52|0x0000000086400000, 0x0000000086400000, 0x0000000086500000|  0%| F|  |TAMS 0x0000000086400000, 0x0000000086400000| Untracked 
|  53|0x0000000086500000, 0x0000000086500000, 0x0000000086600000|  0%| F|  |TAMS 0x0000000086500000, 0x0000000086500000| Untracked 
|  54|0x0000000086600000, 0x0000000086600000, 0x0000000086700000|  0%| F|  |TAMS 0x0000000086600000, 0x0000000086600000| Untracked 
|  55|0x0000000086700000, 0x0000000086700000, 0x0000000086800000|  0%| F|  |TAMS 0x0000000086700000, 0x0000000086700000| Untracked 
|  56|0x0000000086800000, 0x0000000086800000, 0x0000000086900000|  0%| F|  |TAMS 0x0000000086800000, 0x0000000086800000| Untracked 
|  57|0x0000000086900000, 0x0000000086900000, 0x0000000086a00000|  0%| F|  |TAMS 0x0000000086900000, 0x0000000086900000| Untracked 
|  58|0x0000000086a00000, 0x0000000086a00000, 0x0000000086b00000|  0%| F|  |TAMS 0x0000000086a00000, 0x0000000086a00000| Untracked 
|  59|0x0000000086b00000, 0x0000000086b00000, 0x0000000086c00000|  0%| F|  |TAMS 0x0000000086b00000, 0x0000000086b00000| Untracked 
|  60|0x0000000086c00000, 0x0000000086c00000, 0x0000000086d00000|  0%| F|  |TAMS 0x0000000086c00000, 0x0000000086c00000| Untracked 
|  61|0x0000000086d00000, 0x0000000086d00000, 0x0000000086e00000|  0%| F|  |TAMS 0x0000000086d00000, 0x0000000086d00000| Untracked 
|  62|0x0000000086e00000, 0x0000000086f00000, 0x0000000086f00000|100%| S|CS|TAMS 0x0000000086e00000, 0x0000000086e00000| Complete 
|  63|0x0000000086f00000, 0x0000000087000000, 0x0000000087000000|100%| S|CS|TAMS 0x0000000086f00000, 0x0000000086f00000| Complete 
|  64|0x0000000087000000, 0x0000000087100000, 0x0000000087100000|100%| S|CS|TAMS 0x0000000087000000, 0x0000000087000000| Complete 
|  65|0x0000000087100000, 0x0000000087200000, 0x0000000087200000|100%| S|CS|TAMS 0x0000000087100000, 0x0000000087100000| Complete 
|  66|0x0000000087200000, 0x0000000087200000, 0x0000000087300000|  0%| F|  |TAMS 0x0000000087200000, 0x0000000087200000| Untracked 
|  67|0x0000000087300000, 0x0000000087300000, 0x0000000087400000|  0%| F|  |TAMS 0x0000000087300000, 0x0000000087300000| Untracked 
|  68|0x0000000087400000, 0x0000000087400000, 0x0000000087500000|  0%| F|  |TAMS 0x0000000087400000, 0x0000000087400000| Untracked 
|  69|0x0000000087500000, 0x0000000087500000, 0x0000000087600000|  0%| F|  |TAMS 0x0000000087500000, 0x0000000087500000| Untracked 
|  70|0x0000000087600000, 0x0000000087600000, 0x0000000087700000|  0%| F|  |TAMS 0x0000000087600000, 0x0000000087600000| Untracked 
|  71|0x0000000087700000, 0x0000000087700000, 0x0000000087800000|  0%| F|  |TAMS 0x0000000087700000, 0x0000000087700000| Untracked 
|  72|0x0000000087800000, 0x0000000087800000, 0x0000000087900000|  0%| F|  |TAMS 0x0000000087800000, 0x0000000087800000| Untracked 
|  73|0x0000000087900000, 0x0000000087900000, 0x0000000087a00000|  0%| F|  |TAMS 0x0000000087900000, 0x0000000087900000| Untracked 
|  74|0x0000000087a00000, 0x0000000087a00000, 0x0000000087b00000|  0%| F|  |TAMS 0x0000000087a00000, 0x0000000087a00000| Untracked 
|  75|0x0000000087b00000, 0x0000000087b00000, 0x0000000087c00000|  0%| F|  |TAMS 0x0000000087b00000, 0x0000000087b00000| Untracked 
|  76|0x0000000087c00000, 0x0000000087c00000, 0x0000000087d00000|  0%| F|  |TAMS 0x0000000087c00000, 0x0000000087c00000| Untracked 
|  77|0x0000000087d00000, 0x0000000087d00000, 0x0000000087e00000|  0%| F|  |TAMS 0x0000000087d00000, 0x0000000087d00000| Untracked 
|  78|0x0000000087e00000, 0x0000000087e00000, 0x0000000087f00000|  0%| F|  |TAMS 0x0000000087e00000, 0x0000000087e00000| Untracked 
|  79|0x0000000087f00000, 0x0000000087f00000, 0x0000000088000000|  0%| F|  |TAMS 0x0000000087f00000, 0x0000000087f00000| Untracked 
|  80|0x0000000088000000, 0x0000000088000000, 0x0000000088100000|  0%| F|  |TAMS 0x0000000088000000, 0x0000000088000000| Untracked 
|  81|0x0000000088100000, 0x0000000088100000, 0x0000000088200000|  0%| F|  |TAMS 0x0000000088100000, 0x0000000088100000| Untracked 
|  82|0x0000000088200000, 0x0000000088200000, 0x0000000088300000|  0%| F|  |TAMS 0x0000000088200000, 0x0000000088200000| Untracked 
|  83|0x0000000088300000, 0x0000000088300000, 0x0000000088400000|  0%| F|  |TAMS 0x0000000088300000, 0x0000000088300000| Untracked 
|  84|0x0000000088400000, 0x0000000088400000, 0x0000000088500000|  0%| F|  |TAMS 0x0000000088400000, 0x0000000088400000| Untracked 
|  85|0x0000000088500000, 0x0000000088500000, 0x0000000088600000|  0%| F|  |TAMS 0x0000000088500000, 0x0000000088500000| Untracked 
|  86|0x0000000088600000, 0x0000000088600000, 0x0000000088700000|  0%| F|  |TAMS 0x0000000088600000, 0x0000000088600000| Untracked 
|  87|0x0000000088700000, 0x0000000088700000, 0x0000000088800000|  0%| F|  |TAMS 0x0000000088700000, 0x0000000088700000| Untracked 
|  88|0x0000000088800000, 0x0000000088800000, 0x0000000088900000|  0%| F|  |TAMS 0x0000000088800000, 0x0000000088800000| Untracked 
|  89|0x0000000088900000, 0x0000000088900000, 0x0000000088a00000|  0%| F|  |TAMS 0x0000000088900000, 0x0000000088900000| Untracked 
|  90|0x0000000088a00000, 0x0000000088a00000, 0x0000000088b00000|  0%| F|  |TAMS 0x0000000088a00000, 0x0000000088a00000| Untracked 
|  91|0x0000000088b00000, 0x0000000088b00000, 0x0000000088c00000|  0%| F|  |TAMS 0x0000000088b00000, 0x0000000088b00000| Untracked 
|  92|0x0000000088c00000, 0x0000000088c00000, 0x0000000088d00000|  0%| F|  |TAMS 0x0000000088c00000, 0x0000000088c00000| Untracked 
|  93|0x0000000088d00000, 0x0000000088d00000, 0x0000000088e00000|  0%| F|  |TAMS 0x0000000088d00000, 0x0000000088d00000| Untracked 
|  94|0x0000000088e00000, 0x0000000088e00000, 0x0000000088f00000|  0%| F|  |TAMS 0x0000000088e00000, 0x0000000088e00000| Untracked 
|  95|0x0000000088f00000, 0x0000000088f00000, 0x0000000089000000|  0%| F|  |TAMS 0x0000000088f00000, 0x0000000088f00000| Untracked 
|  96|0x0000000089000000, 0x0000000089000000, 0x0000000089100000|  0%| F|  |TAMS 0x0000000089000000, 0x0000000089000000| Untracked 
|  97|0x0000000089100000, 0x0000000089100000, 0x0000000089200000|  0%| F|  |TAMS 0x0000000089100000, 0x0000000089100000| Untracked 
|  98|0x0000000089200000, 0x0000000089200000, 0x0000000089300000|  0%| F|  |TAMS 0x0000000089200000, 0x0000000089200000| Untracked 
|  99|0x0000000089300000, 0x0000000089300000, 0x0000000089400000|  0%| F|  |TAMS 0x0000000089300000, 0x0000000089300000| Untracked 
| 100|0x0000000089400000, 0x0000000089400000, 0x0000000089500000|  0%| F|  |TAMS 0x0000000089400000, 0x0000000089400000| Untracked 
| 101|0x0000000089500000, 0x0000000089500000, 0x0000000089600000|  0%| F|  |TAMS 0x0000000089500000, 0x0000000089500000| Untracked 
| 102|0x0000000089600000, 0x0000000089600000, 0x0000000089700000|  0%| F|  |TAMS 0x0000000089600000, 0x0000000089600000| Untracked 
| 103|0x0000000089700000, 0x0000000089700000, 0x0000000089800000|  0%| F|  |TAMS 0x0000000089700000, 0x0000000089700000| Untracked 
| 104|0x0000000089800000, 0x0000000089800000, 0x0000000089900000|  0%| F|  |TAMS 0x0000000089800000, 0x0000000089800000| Untracked 
| 105|0x0000000089900000, 0x0000000089900000, 0x0000000089a00000|  0%| F|  |TAMS 0x0000000089900000, 0x0000000089900000| Untracked 
| 106|0x0000000089a00000, 0x0000000089a00000, 0x0000000089b00000|  0%| F|  |TAMS 0x0000000089a00000, 0x0000000089a00000| Untracked 
| 107|0x0000000089b00000, 0x0000000089b00000, 0x0000000089c00000|  0%| F|  |TAMS 0x0000000089b00000, 0x0000000089b00000| Untracked 
| 108|0x0000000089c00000, 0x0000000089c00000, 0x0000000089d00000|  0%| F|  |TAMS 0x0000000089c00000, 0x0000000089c00000| Untracked 
| 109|0x0000000089d00000, 0x0000000089d00000, 0x0000000089e00000|  0%| F|  |TAMS 0x0000000089d00000, 0x0000000089d00000| Untracked 
| 110|0x0000000089e00000, 0x0000000089e00000, 0x0000000089f00000|  0%| F|  |TAMS 0x0000000089e00000, 0x0000000089e00000| Untracked 
| 111|0x0000000089f00000, 0x0000000089f00000, 0x000000008a000000|  0%| F|  |TAMS 0x0000000089f00000, 0x0000000089f00000| Untracked 
| 112|0x000000008a000000, 0x000000008a000000, 0x000000008a100000|  0%| F|  |TAMS 0x000000008a000000, 0x000000008a000000| Untracked 
| 113|0x000000008a100000, 0x000000008a100000, 0x000000008a200000|  0%| F|  |TAMS 0x000000008a100000, 0x000000008a100000| Untracked 
| 114|0x000000008a200000, 0x000000008a200000, 0x000000008a300000|  0%| F|  |TAMS 0x000000008a200000, 0x000000008a200000| Untracked 
| 115|0x000000008a300000, 0x000000008a300000, 0x000000008a400000|  0%| F|  |TAMS 0x000000008a300000, 0x000000008a300000| Untracked 
| 116|0x000000008a400000, 0x000000008a400000, 0x000000008a500000|  0%| F|  |TAMS 0x000000008a400000, 0x000000008a400000| Untracked 
| 117|0x000000008a500000, 0x000000008a500000, 0x000000008a600000|  0%| F|  |TAMS 0x000000008a500000, 0x000000008a500000| Untracked 
| 118|0x000000008a600000, 0x000000008a600000, 0x000000008a700000|  0%| F|  |TAMS 0x000000008a600000, 0x000000008a600000| Untracked 
| 119|0x000000008a700000, 0x000000008a700000, 0x000000008a800000|  0%| F|  |TAMS 0x000000008a700000, 0x000000008a700000| Untracked 
| 120|0x000000008a800000, 0x000000008a800000, 0x000000008a900000|  0%| F|  |TAMS 0x000000008a800000, 0x000000008a800000| Untracked 
| 121|0x000000008a900000, 0x000000008a900000, 0x000000008aa00000|  0%| F|  |TAMS 0x000000008a900000, 0x000000008a900000| Untracked 
| 122|0x000000008aa00000, 0x000000008aa00000, 0x000000008ab00000|  0%| F|  |TAMS 0x000000008aa00000, 0x000000008aa00000| Untracked 
| 123|0x000000008ab00000, 0x000000008ab00000, 0x000000008ac00000|  0%| F|  |TAMS 0x000000008ab00000, 0x000000008ab00000| Untracked 
| 124|0x000000008ac00000, 0x000000008ad00000, 0x000000008ad00000|100%| E|  |TAMS 0x000000008ac00000, 0x000000008ac00000| Complete 
| 125|0x000000008ad00000, 0x000000008ae00000, 0x000000008ae00000|100%| E|CS|TAMS 0x000000008ad00000, 0x000000008ad00000| Complete 
| 126|0x000000008ae00000, 0x000000008af00000, 0x000000008af00000|100%| E|CS|TAMS 0x000000008ae00000, 0x000000008ae00000| Complete 
| 127|0x000000008af00000, 0x000000008b000000, 0x000000008b000000|100%| E|CS|TAMS 0x000000008af00000, 0x000000008af00000| Complete 
| 128|0x000000008b000000, 0x000000008b100000, 0x000000008b100000|100%| E|CS|TAMS 0x000000008b000000, 0x000000008b000000| Complete 
| 129|0x000000008b100000, 0x000000008b200000, 0x000000008b200000|100%| E|CS|TAMS 0x000000008b100000, 0x000000008b100000| Complete 
| 130|0x000000008b200000, 0x000000008b300000, 0x000000008b300000|100%| E|CS|TAMS 0x000000008b200000, 0x000000008b200000| Complete 
| 131|0x000000008b300000, 0x000000008b400000, 0x000000008b400000|100%| E|CS|TAMS 0x000000008b300000, 0x000000008b300000| Complete 
| 132|0x000000008b400000, 0x000000008b500000, 0x000000008b500000|100%| E|CS|TAMS 0x000000008b400000, 0x000000008b400000| Complete 
| 133|0x000000008b500000, 0x000000008b600000, 0x000000008b600000|100%| E|CS|TAMS 0x000000008b500000, 0x000000008b500000| Complete 
| 134|0x000000008b600000, 0x000000008b700000, 0x000000008b700000|100%| E|CS|TAMS 0x000000008b600000, 0x000000008b600000| Complete 
| 135|0x000000008b700000, 0x000000008b800000, 0x000000008b800000|100%| E|CS|TAMS 0x000000008b700000, 0x000000008b700000| Complete 
| 136|0x000000008b800000, 0x000000008b900000, 0x000000008b900000|100%| E|CS|TAMS 0x000000008b800000, 0x000000008b800000| Complete 
| 137|0x000000008b900000, 0x000000008ba00000, 0x000000008ba00000|100%| E|CS|TAMS 0x000000008b900000, 0x000000008b900000| Complete 
| 138|0x000000008ba00000, 0x000000008bb00000, 0x000000008bb00000|100%| E|CS|TAMS 0x000000008ba00000, 0x000000008ba00000| Complete 
| 139|0x000000008bb00000, 0x000000008bc00000, 0x000000008bc00000|100%| E|CS|TAMS 0x000000008bb00000, 0x000000008bb00000| Complete 
| 140|0x000000008bc00000, 0x000000008bd00000, 0x000000008bd00000|100%| E|CS|TAMS 0x000000008bc00000, 0x000000008bc00000| Complete 
| 141|0x000000008bd00000, 0x000000008be00000, 0x000000008be00000|100%| E|CS|TAMS 0x000000008bd00000, 0x000000008bd00000| Complete 
| 142|0x000000008be00000, 0x000000008bf00000, 0x000000008bf00000|100%| E|CS|TAMS 0x000000008be00000, 0x000000008be00000| Complete 
| 143|0x000000008bf00000, 0x000000008c000000, 0x000000008c000000|100%| E|CS|TAMS 0x000000008bf00000, 0x000000008bf00000| Complete 
| 144|0x000000008c000000, 0x000000008c100000, 0x000000008c100000|100%| E|CS|TAMS 0x000000008c000000, 0x000000008c000000| Complete 
| 145|0x000000008c100000, 0x000000008c200000, 0x000000008c200000|100%| E|CS|TAMS 0x000000008c100000, 0x000000008c100000| Complete 
| 146|0x000000008c200000, 0x000000008c300000, 0x000000008c300000|100%| E|CS|TAMS 0x000000008c200000, 0x000000008c200000| Complete 
| 147|0x000000008c300000, 0x000000008c400000, 0x000000008c400000|100%| E|CS|TAMS 0x000000008c300000, 0x000000008c300000| Complete 
| 148|0x000000008c400000, 0x000000008c500000, 0x000000008c500000|100%| E|CS|TAMS 0x000000008c400000, 0x000000008c400000| Complete 
| 149|0x000000008c500000, 0x000000008c600000, 0x000000008c600000|100%| E|CS|TAMS 0x000000008c500000, 0x000000008c500000| Complete 
| 150|0x000000008c600000, 0x000000008c700000, 0x000000008c700000|100%| E|CS|TAMS 0x000000008c600000, 0x000000008c600000| Complete 
| 151|0x000000008c700000, 0x000000008c800000, 0x000000008c800000|100%| E|CS|TAMS 0x000000008c700000, 0x000000008c700000| Complete 
| 152|0x000000008c800000, 0x000000008c900000, 0x000000008c900000|100%| E|CS|TAMS 0x000000008c800000, 0x000000008c800000| Complete 
| 153|0x000000008c900000, 0x000000008ca00000, 0x000000008ca00000|100%| E|CS|TAMS 0x000000008c900000, 0x000000008c900000| Complete 
| 154|0x000000008ca00000, 0x000000008cb00000, 0x000000008cb00000|100%| E|CS|TAMS 0x000000008ca00000, 0x000000008ca00000| Complete 
| 155|0x000000008cb00000, 0x000000008cc00000, 0x000000008cc00000|100%| E|CS|TAMS 0x000000008cb00000, 0x000000008cb00000| Complete 
| 156|0x000000008cc00000, 0x000000008cd00000, 0x000000008cd00000|100%| E|CS|TAMS 0x000000008cc00000, 0x000000008cc00000| Complete 
| 157|0x000000008cd00000, 0x000000008ce00000, 0x000000008ce00000|100%| E|CS|TAMS 0x000000008cd00000, 0x000000008cd00000| Complete 
| 158|0x000000008ce00000, 0x000000008cf00000, 0x000000008cf00000|100%| E|CS|TAMS 0x000000008ce00000, 0x000000008ce00000| Complete 
| 159|0x000000008cf00000, 0x000000008d000000, 0x000000008d000000|100%| E|CS|TAMS 0x000000008cf00000, 0x000000008cf00000| Complete 
| 160|0x000000008d000000, 0x000000008d100000, 0x000000008d100000|100%| E|CS|TAMS 0x000000008d000000, 0x000000008d000000| Complete 
| 161|0x000000008d100000, 0x000000008d200000, 0x000000008d200000|100%| E|CS|TAMS 0x000000008d100000, 0x000000008d100000| Complete 
| 162|0x000000008d200000, 0x000000008d300000, 0x000000008d300000|100%| E|CS|TAMS 0x000000008d200000, 0x000000008d200000| Complete 
| 163|0x000000008d300000, 0x000000008d400000, 0x000000008d400000|100%| E|CS|TAMS 0x000000008d300000, 0x000000008d300000| Complete 
| 164|0x000000008d400000, 0x000000008d500000, 0x000000008d500000|100%| E|CS|TAMS 0x000000008d400000, 0x000000008d400000| Complete 
| 165|0x000000008d500000, 0x000000008d600000, 0x000000008d600000|100%| E|CS|TAMS 0x000000008d500000, 0x000000008d500000| Complete 
| 166|0x000000008d600000, 0x000000008d700000, 0x000000008d700000|100%| E|CS|TAMS 0x000000008d600000, 0x000000008d600000| Complete 
| 167|0x000000008d700000, 0x000000008d800000, 0x000000008d800000|100%| E|CS|TAMS 0x000000008d700000, 0x000000008d700000| Complete 
| 168|0x000000008d800000, 0x000000008d900000, 0x000000008d900000|100%| E|CS|TAMS 0x000000008d800000, 0x000000008d800000| Complete 
| 169|0x000000008d900000, 0x000000008da00000, 0x000000008da00000|100%| E|CS|TAMS 0x000000008d900000, 0x000000008d900000| Complete 
| 170|0x000000008da00000, 0x000000008db00000, 0x000000008db00000|100%| E|CS|TAMS 0x000000008da00000, 0x000000008da00000| Complete 
| 171|0x000000008db00000, 0x000000008dc00000, 0x000000008dc00000|100%| E|CS|TAMS 0x000000008db00000, 0x000000008db00000| Complete 
| 172|0x000000008dc00000, 0x000000008dd00000, 0x000000008dd00000|100%| E|CS|TAMS 0x000000008dc00000, 0x000000008dc00000| Complete 
| 173|0x000000008dd00000, 0x000000008de00000, 0x000000008de00000|100%| E|CS|TAMS 0x000000008dd00000, 0x000000008dd00000| Complete 
| 174|0x000000008de00000, 0x000000008df00000, 0x000000008df00000|100%| E|CS|TAMS 0x000000008de00000, 0x000000008de00000| Complete 
| 175|0x000000008df00000, 0x000000008e000000, 0x000000008e000000|100%| E|CS|TAMS 0x000000008df00000, 0x000000008df00000| Complete 
| 176|0x000000008e000000, 0x000000008e100000, 0x000000008e100000|100%| E|CS|TAMS 0x000000008e000000, 0x000000008e000000| Complete 
| 177|0x000000008e100000, 0x000000008e200000, 0x000000008e200000|100%| E|CS|TAMS 0x000000008e100000, 0x000000008e100000| Complete 
| 178|0x000000008e200000, 0x000000008e300000, 0x000000008e300000|100%| E|  |TAMS 0x000000008e200000, 0x000000008e200000| Complete 
| 179|0x000000008e300000, 0x000000008e400000, 0x000000008e400000|100%| E|CS|TAMS 0x000000008e300000, 0x000000008e300000| Complete 
| 180|0x000000008e400000, 0x000000008e500000, 0x000000008e500000|100%| E|CS|TAMS 0x000000008e400000, 0x000000008e400000| Complete 
| 181|0x000000008e500000, 0x000000008e600000, 0x000000008e600000|100%| E|CS|TAMS 0x000000008e500000, 0x000000008e500000| Complete 
| 182|0x000000008e600000, 0x000000008e700000, 0x000000008e700000|100%| E|CS|TAMS 0x000000008e600000, 0x000000008e600000| Complete 
| 183|0x000000008e700000, 0x000000008e800000, 0x000000008e800000|100%| E|CS|TAMS 0x000000008e700000, 0x000000008e700000| Complete 
| 184|0x000000008e800000, 0x000000008e900000, 0x000000008e900000|100%| E|CS|TAMS 0x000000008e800000, 0x000000008e800000| Complete 
| 185|0x000000008e900000, 0x000000008ea00000, 0x000000008ea00000|100%| E|CS|TAMS 0x000000008e900000, 0x000000008e900000| Complete 
| 186|0x000000008ea00000, 0x000000008eb00000, 0x000000008eb00000|100%| E|CS|TAMS 0x000000008ea00000, 0x000000008ea00000| Complete 
| 187|0x000000008eb00000, 0x000000008ec00000, 0x000000008ec00000|100%| E|CS|TAMS 0x000000008eb00000, 0x000000008eb00000| Complete 
| 188|0x000000008ec00000, 0x000000008ed00000, 0x000000008ed00000|100%| E|CS|TAMS 0x000000008ec00000, 0x000000008ec00000| Complete 
| 189|0x000000008ed00000, 0x000000008ee00000, 0x000000008ee00000|100%| E|CS|TAMS 0x000000008ed00000, 0x000000008ed00000| Complete 
| 190|0x000000008ee00000, 0x000000008ef00000, 0x000000008ef00000|100%| E|CS|TAMS 0x000000008ee00000, 0x000000008ee00000| Complete 
| 191|0x000000008ef00000, 0x000000008f000000, 0x000000008f000000|100%| E|CS|TAMS 0x000000008ef00000, 0x000000008ef00000| Complete 
| 192|0x000000008f000000, 0x000000008f100000, 0x000000008f100000|100%| E|CS|TAMS 0x000000008f000000, 0x000000008f000000| Complete 
| 193|0x000000008f100000, 0x000000008f200000, 0x000000008f200000|100%| E|CS|TAMS 0x000000008f100000, 0x000000008f100000| Complete 
| 194|0x000000008f200000, 0x000000008f300000, 0x000000008f300000|100%| E|CS|TAMS 0x000000008f200000, 0x000000008f200000| Complete 
| 195|0x000000008f300000, 0x000000008f400000, 0x000000008f400000|100%| E|CS|TAMS 0x000000008f300000, 0x000000008f300000| Complete 
| 196|0x000000008f400000, 0x000000008f500000, 0x000000008f500000|100%| E|CS|TAMS 0x000000008f400000, 0x000000008f400000| Complete 
| 197|0x000000008f500000, 0x000000008f600000, 0x000000008f600000|100%| E|CS|TAMS 0x000000008f500000, 0x000000008f500000| Complete 
| 198|0x000000008f600000, 0x000000008f700000, 0x000000008f700000|100%| E|CS|TAMS 0x000000008f600000, 0x000000008f600000| Complete 
| 199|0x000000008f700000, 0x000000008f800000, 0x000000008f800000|100%| E|CS|TAMS 0x000000008f700000, 0x000000008f700000| Complete 
| 200|0x000000008f800000, 0x000000008f900000, 0x000000008f900000|100%| E|CS|TAMS 0x000000008f800000, 0x000000008f800000| Complete 
| 201|0x000000008f900000, 0x000000008fa00000, 0x000000008fa00000|100%| E|CS|TAMS 0x000000008f900000, 0x000000008f900000| Complete 
| 202|0x000000008fa00000, 0x000000008fb00000, 0x000000008fb00000|100%| E|CS|TAMS 0x000000008fa00000, 0x000000008fa00000| Complete 
| 203|0x000000008fb00000, 0x000000008fc00000, 0x000000008fc00000|100%| E|CS|TAMS 0x000000008fb00000, 0x000000008fb00000| Complete 
| 204|0x000000008fc00000, 0x000000008fd00000, 0x000000008fd00000|100%| E|CS|TAMS 0x000000008fc00000, 0x000000008fc00000| Complete 
| 205|0x000000008fd00000, 0x000000008fe00000, 0x000000008fe00000|100%| E|CS|TAMS 0x000000008fd00000, 0x000000008fd00000| Complete 
| 206|0x000000008fe00000, 0x000000008ff00000, 0x000000008ff00000|100%| E|CS|TAMS 0x000000008fe00000, 0x000000008fe00000| Complete 
| 207|0x000000008ff00000, 0x0000000090000000, 0x0000000090000000|100%| E|CS|TAMS 0x000000008ff00000, 0x000000008ff00000| Complete 
| 208|0x0000000090000000, 0x0000000090100000, 0x0000000090100000|100%| E|CS|TAMS 0x0000000090000000, 0x0000000090000000| Complete 
| 209|0x0000000090100000, 0x0000000090200000, 0x0000000090200000|100%| E|CS|TAMS 0x0000000090100000, 0x0000000090100000| Complete 
| 210|0x0000000090200000, 0x0000000090300000, 0x0000000090300000|100%| E|CS|TAMS 0x0000000090200000, 0x0000000090200000| Complete 
| 211|0x0000000090300000, 0x0000000090400000, 0x0000000090400000|100%| E|CS|TAMS 0x0000000090300000, 0x0000000090300000| Complete 
| 212|0x0000000090400000, 0x0000000090500000, 0x0000000090500000|100%| E|CS|TAMS 0x0000000090400000, 0x0000000090400000| Complete 
| 213|0x0000000090500000, 0x0000000090600000, 0x0000000090600000|100%| E|CS|TAMS 0x0000000090500000, 0x0000000090500000| Complete 
| 214|0x0000000090600000, 0x0000000090700000, 0x0000000090700000|100%| E|CS|TAMS 0x0000000090600000, 0x0000000090600000| Complete 
| 215|0x0000000090700000, 0x0000000090800000, 0x0000000090800000|100%| E|CS|TAMS 0x0000000090700000, 0x0000000090700000| Complete 
| 216|0x0000000090800000, 0x0000000090900000, 0x0000000090900000|100%| E|CS|TAMS 0x0000000090800000, 0x0000000090800000| Complete 
| 217|0x0000000090900000, 0x0000000090a00000, 0x0000000090a00000|100%| E|CS|TAMS 0x0000000090900000, 0x0000000090900000| Complete 
| 218|0x0000000090a00000, 0x0000000090b00000, 0x0000000090b00000|100%| E|CS|TAMS 0x0000000090a00000, 0x0000000090a00000| Complete 
| 219|0x0000000090b00000, 0x0000000090c00000, 0x0000000090c00000|100%| E|CS|TAMS 0x0000000090b00000, 0x0000000090b00000| Complete 
| 220|0x0000000090c00000, 0x0000000090d00000, 0x0000000090d00000|100%| E|CS|TAMS 0x0000000090c00000, 0x0000000090c00000| Complete 
| 221|0x0000000090d00000, 0x0000000090e00000, 0x0000000090e00000|100%| E|CS|TAMS 0x0000000090d00000, 0x0000000090d00000| Complete 
| 222|0x0000000090e00000, 0x0000000090f00000, 0x0000000090f00000|100%| E|CS|TAMS 0x0000000090e00000, 0x0000000090e00000| Complete 
| 223|0x0000000090f00000, 0x0000000091000000, 0x0000000091000000|100%| E|CS|TAMS 0x0000000090f00000, 0x0000000090f00000| Complete 
| 224|0x0000000091000000, 0x0000000091100000, 0x0000000091100000|100%| E|CS|TAMS 0x0000000091000000, 0x0000000091000000| Complete 
| 225|0x0000000091100000, 0x0000000091200000, 0x0000000091200000|100%| E|CS|TAMS 0x0000000091100000, 0x0000000091100000| Complete 
| 226|0x0000000091200000, 0x0000000091300000, 0x0000000091300000|100%| E|CS|TAMS 0x0000000091200000, 0x0000000091200000| Complete 
| 227|0x0000000091300000, 0x0000000091400000, 0x0000000091400000|100%| E|CS|TAMS 0x0000000091300000, 0x0000000091300000| Complete 
| 228|0x0000000091400000, 0x0000000091500000, 0x0000000091500000|100%| E|CS|TAMS 0x0000000091400000, 0x0000000091400000| Complete 
| 229|0x0000000091500000, 0x0000000091600000, 0x0000000091600000|100%| E|CS|TAMS 0x0000000091500000, 0x0000000091500000| Complete 
| 230|0x0000000091600000, 0x0000000091700000, 0x0000000091700000|100%| E|CS|TAMS 0x0000000091600000, 0x0000000091600000| Complete 
|1992|0x00000000ff800000, 0x00000000ff900000, 0x00000000ff900000|100%| O|  |TAMS 0x00000000ff800000, 0x00000000ff800000| Untracked 
|1993|0x00000000ff900000, 0x00000000ffa00000, 0x00000000ffa00000|100%| O|  |TAMS 0x00000000ff900000, 0x00000000ff900000| Untracked 
|1994|0x00000000ffa00000, 0x00000000ffb00000, 0x00000000ffb00000|100%| O|  |TAMS 0x00000000ffa00000, 0x00000000ffa00000| Untracked 
|1995|0x00000000ffb00000, 0x00000000ffc00000, 0x00000000ffc00000|100%| O|  |TAMS 0x00000000ffb00000, 0x00000000ffb00000| Untracked 
|1996|0x00000000ffc00000, 0x00000000ffd00000, 0x00000000ffd00000|100%| O|  |TAMS 0x00000000ffc00000, 0x00000000ffc00000| Untracked 
|1997|0x00000000ffd00000, 0x00000000ffe00000, 0x00000000ffe00000|100%| O|  |TAMS 0x00000000ffd00000, 0x00000000ffd00000| Untracked 
|1998|0x00000000ffe00000, 0x00000000fff00000, 0x00000000fff00000|100%| O|  |TAMS 0x00000000ffe00000, 0x00000000ffe00000| Untracked 
|1999|0x00000000fff00000, 0x0000000100000000, 0x0000000100000000|100%| O|  |TAMS 0x00000000fff00000, 0x00000000fff00000| Untracked 

Card table byte_map: [0x0000025efef90000,0x0000025eff380000] _byte_map_base: 0x0000025efeb78000

Marking Bits (Prev, Next): (CMBitMap*) 0x0000025ef702b900, (CMBitMap*) 0x0000025ef702b8c0
 Prev Bits: [0x0000025e90f40000, 0x0000025e92e80000)
 Next Bits: [0x0000025e8f000000, 0x0000025e90f40000)

Polling page: 0x0000025ef4f90000

Metaspace:

Usage:
  Non-class:     23.60 MB used.
      Class:      2.89 MB used.
       Both:     26.49 MB used.

Virtual space:
  Non-class space:       64.00 MB reserved,      23.75 MB ( 37%) committed,  1 nodes.
      Class space:        1.00 GB reserved,       3.06 MB ( <1%) committed,  1 nodes.
             Both:        1.06 GB reserved,      26.81 MB (  2%) committed. 

Chunk freelists:
   Non-Class:  7.72 MB
       Class:  12.91 MB
        Both:  20.62 MB

MaxMetaspaceSize: unlimited
CompressedClassSpaceSize: 1.00 GB
Initial GC threshold: 21.00 MB
Current GC threshold: 35.56 MB
CDS: on
MetaspaceReclaimPolicy: balanced
 - commit_granule_bytes: 65536.
 - commit_granule_words: 8192.
 - virtual_space_node_default_size: 8388608.
 - enlarge_chunks_in_place: 1.
 - new_chunks_are_fully_committed: 0.
 - uncommit_free_chunks: 1.
 - use_allocation_guard: 0.
 - handle_deallocations: 1.


Internal statistics:

num_allocs_failed_limit: 5.
num_arena_births: 204.
num_arena_deaths: 0.
num_vsnodes_births: 2.
num_vsnodes_deaths: 0.
num_space_committed: 429.
num_space_uncommitted: 0.
num_chunks_returned_to_freelist: 5.
num_chunks_taken_from_freelist: 1183.
num_chunk_merges: 5.
num_chunk_splits: 829.
num_chunks_enlarged: 642.
num_purges: 0.
num_inconsistent_stats: 0.

CodeHeap 'non-profiled nmethods': size=120000Kb used=3141Kb max_used=3141Kb free=116858Kb
 bounds [0x0000025e87ad0000, 0x0000025e87df0000, 0x0000025e8f000000]
CodeHeap 'profiled nmethods': size=120000Kb used=13113Kb max_used=13113Kb free=106887Kb
 bounds [0x0000025e80000000, 0x0000025e80cd0000, 0x0000025e87530000]
CodeHeap 'non-nmethods': size=5760Kb used=1227Kb max_used=1274Kb free=4532Kb
 bounds [0x0000025e87530000, 0x0000025e877a0000, 0x0000025e87ad0000]
 total_blobs=6746 nmethods=6229 adapters=428
 compilation: enabled
              stopped_count=0, restarted_count=0
 full_count=0

Compilation events (20 events):
Event: 9.799 Thread 0x0000025e9501d410 7074       2       com.sun.tools.javac.comp.Check$NestedCheckContext::checkWarner (13 bytes)
Event: 9.799 Thread 0x0000025e9501d410 nmethod 7074 0x0000025e80cc1590 code [0x0000025e80cc1720, 0x0000025e80cc1848]
Event: 9.799 Thread 0x0000025e9501d410 7075       2       com.sun.tools.javac.comp.Annotate$AnnotationValueContext::compatible (26 bytes)
Event: 9.800 Thread 0x0000025e9501d410 nmethod 7075 0x0000025e80cc1910 code [0x0000025e80cc1ac0, 0x0000025e80cc1c98]
Event: 9.800 Thread 0x0000025e9501d410 7078   !   2       jdk.internal.reflect.GeneratedMethodAccessor18::invoke (150 bytes)
Event: 9.801 Thread 0x0000025e9501d410 nmethod 7078 0x0000025e80cc1e10 code [0x0000025e80cc2060, 0x0000025e80cc2968]
Event: 9.801 Thread 0x0000025e9501d410 7080       2       lombok.javac.JavacTreeMaker::getFromCache (86 bytes)
Event: 9.803 Thread 0x0000025e9501d410 nmethod 7080 0x0000025e80cc3010 code [0x0000025e80cc3280, 0x0000025e80cc38b8]
Event: 9.803 Thread 0x0000025e9501d410 7081       2       jdk.internal.reflect.ByteVectorImpl::put (27 bytes)
Event: 9.803 Thread 0x0000025e9501d410 nmethod 7081 0x0000025e80cc3c90 code [0x0000025e80cc3e40, 0x0000025e80cc3fc8]
Event: 9.803 Thread 0x0000025e9501d410 7076       2       com.sun.tools.javac.comp.Check$NestedCheckContext::compatible (13 bytes)
Event: 9.804 Thread 0x0000025e9501d410 nmethod 7076 0x0000025e80cc4110 code [0x0000025e80cc42a0, 0x0000025e80cc43c8]
Event: 9.811 Thread 0x0000025e9501d410 7082       3       com.sun.tools.javac.tree.JCTree$JCCompilationUnit::getPackage (42 bytes)
Event: 9.812 Thread 0x0000025e9501d410 nmethod 7082 0x0000025e80cc4490 code [0x0000025e80cc4680, 0x0000025e80cc4d18]
Event: 9.825 Thread 0x0000025e9501d410 7084       2       com.sun.tools.javac.comp.Annotate::unblockAnnotationsNoFlush (11 bytes)
Event: 9.825 Thread 0x0000025e9501d410 nmethod 7084 0x0000025e80cc4f10 code [0x0000025e80cc50a0, 0x0000025e80cc51b8]
Event: 9.830 Thread 0x0000025e9501d410 7086       1       lombok.javac.LombokOptions::getFormatPreferences (5 bytes)
Event: 9.830 Thread 0x0000025e9501d410 nmethod 7086 0x0000025e87de1090 code [0x0000025e87de1220, 0x0000025e87de12f8]
Event: 9.836 Thread 0x0000025e9501d410 7087       2       java.lang.reflect.Method::getDefaultValue (110 bytes)
Event: 9.838 Thread 0x0000025e9501d410 nmethod 7087 0x0000025e80cc5290 code [0x0000025e80cc5500, 0x0000025e80cc5bb8]

GC Heap History (16 events):
Event: 0.630 GC heap before
{Heap before GC invocations=0 (full 0):
 garbage-first heap   total 129024K, used 23552K [0x0000000083000000, 0x0000000100000000)
  region size 1024K, 23 young (23552K), 0 survivors (0K)
 Metaspace       used 4806K, committed 4928K, reserved 1114112K
  class space    used 570K, committed 640K, reserved 1048576K
}
Event: 0.634 GC heap after
{Heap after GC invocations=1 (full 0):
 garbage-first heap   total 129024K, used 3545K [0x0000000083000000, 0x0000000100000000)
  region size 1024K, 3 young (3072K), 3 survivors (3072K)
 Metaspace       used 4806K, committed 4928K, reserved 1114112K
  class space    used 570K, committed 640K, reserved 1048576K
}
Event: 1.406 GC heap before
{Heap before GC invocations=1 (full 0):
 garbage-first heap   total 129024K, used 35289K [0x0000000083000000, 0x0000000100000000)
  region size 1024K, 34 young (34816K), 3 survivors (3072K)
 Metaspace       used 10646K, committed 10816K, reserved 1114112K
  class space    used 1298K, committed 1408K, reserved 1048576K
}
Event: 1.416 GC heap after
{Heap after GC invocations=2 (full 0):
 garbage-first heap   total 129024K, used 6103K [0x0000000083000000, 0x0000000100000000)
  region size 1024K, 3 young (3072K), 3 survivors (3072K)
 Metaspace       used 10646K, committed 10816K, reserved 1114112K
  class space    used 1298K, committed 1408K, reserved 1048576K
}
Event: 2.619 GC heap before
{Heap before GC invocations=2 (full 0):
 garbage-first heap   total 129024K, used 79831K [0x0000000083000000, 0x0000000100000000)
  region size 1024K, 75 young (76800K), 3 survivors (3072K)
 Metaspace       used 12735K, committed 12928K, reserved 1114112K
  class space    used 1446K, committed 1536K, reserved 1048576K
}
Event: 2.630 GC heap after
{Heap after GC invocations=3 (full 0):
 garbage-first heap   total 129024K, used 13238K [0x0000000083000000, 0x0000000100000000)
  region size 1024K, 10 young (10240K), 10 survivors (10240K)
 Metaspace       used 12735K, committed 12928K, reserved 1114112K
  class space    used 1446K, committed 1536K, reserved 1048576K
}
Event: 4.088 GC heap before
{Heap before GC invocations=3 (full 0):
 garbage-first heap   total 129024K, used 79798K [0x0000000083000000, 0x0000000100000000)
  region size 1024K, 75 young (76800K), 10 survivors (10240K)
 Metaspace       used 15060K, committed 15360K, reserved 1114112K
  class space    used 1636K, committed 1792K, reserved 1048576K
}
Event: 4.108 GC heap after
{Heap after GC invocations=4 (full 0):
 garbage-first heap   total 129024K, used 18729K [0x0000000083000000, 0x0000000100000000)
  region size 1024K, 6 young (6144K), 6 survivors (6144K)
 Metaspace       used 15060K, committed 15360K, reserved 1114112K
  class space    used 1636K, committed 1792K, reserved 1048576K
}
Event: 5.269 GC heap before
{Heap before GC invocations=4 (full 0):
 garbage-first heap   total 129024K, used 43305K [0x0000000083000000, 0x0000000100000000)
  region size 1024K, 27 young (27648K), 6 survivors (6144K)
 Metaspace       used 21231K, committed 21504K, reserved 1114112K
  class space    used 2401K, committed 2560K, reserved 1048576K
}
Event: 5.282 GC heap after
{Heap after GC invocations=5 (full 0):
 garbage-first heap   total 129024K, used 28167K [0x0000000083000000, 0x0000000100000000)
  region size 1024K, 6 young (6144K), 6 survivors (6144K)
 Metaspace       used 21231K, committed 21504K, reserved 1114112K
  class space    used 2401K, committed 2560K, reserved 1048576K
}
Event: 6.835 GC heap before
{Heap before GC invocations=6 (full 0):
 garbage-first heap   total 99328K, used 82439K [0x0000000083000000, 0x0000000100000000)
  region size 1024K, 58 young (59392K), 6 survivors (6144K)
 Metaspace       used 23326K, committed 23552K, reserved 1114112K
  class space    used 2603K, committed 2688K, reserved 1048576K
}
Event: 6.869 GC heap after
{Heap after GC invocations=7 (full 0):
 garbage-first heap   total 107520K, used 46080K [0x0000000083000000, 0x0000000100000000)
  region size 1024K, 8 young (8192K), 8 survivors (8192K)
 Metaspace       used 23326K, committed 23552K, reserved 1114112K
  class space    used 2603K, committed 2688K, reserved 1048576K
}
Event: 6.882 GC heap before
{Heap before GC invocations=7 (full 0):
 garbage-first heap   total 107520K, used 47104K [0x0000000083000000, 0x0000000100000000)
  region size 1024K, 9 young (9216K), 8 survivors (8192K)
 Metaspace       used 23336K, committed 23616K, reserved 1114112K
  class space    used 2603K, committed 2688K, reserved 1048576K
}
Event: 6.903 GC heap after
{Heap after GC invocations=8 (full 0):
 garbage-first heap   total 107520K, used 47104K [0x0000000083000000, 0x0000000100000000)
  region size 1024K, 1 young (1024K), 1 survivors (1024K)
 Metaspace       used 23336K, committed 23616K, reserved 1114112K
  class space    used 2603K, committed 2688K, reserved 1048576K
}
Event: 7.435 GC heap before
{Heap before GC invocations=8 (full 0):
 garbage-first heap   total 107520K, used 78848K [0x0000000083000000, 0x0000000100000000)
  region size 1024K, 31 young (31744K), 1 survivors (1024K)
 Metaspace       used 24034K, committed 24256K, reserved 1114112K
  class space    used 2646K, committed 2752K, reserved 1048576K
}
Event: 7.448 GC heap after
{Heap after GC invocations=9 (full 0):
 garbage-first heap   total 244736K, used 52736K [0x0000000083000000, 0x0000000100000000)
  region size 1024K, 4 young (4096K), 4 survivors (4096K)
 Metaspace       used 24034K, committed 24256K, reserved 1114112K
  class space    used 2646K, committed 2752K, reserved 1048576K
}

Deoptimization events (20 events):
Event: 9.622 Thread 0x0000025ef6fd0e20 Uncommon trap: trap_request=0xffffff45 fr.pc=0x0000025e87c450d8 relative=0x0000000000000058
Event: 9.622 Thread 0x0000025ef6fd0e20 Uncommon trap: reason=unstable_if action=reinterpret pc=0x0000025e87c450d8 method=java.util.regex.Pattern.has(I)Z @ 6 c2
Event: 9.622 Thread 0x0000025ef6fd0e20 DEOPT PACKING pc=0x0000025e87c450d8 sp=0x00000093215fc110
Event: 9.622 Thread 0x0000025ef6fd0e20 DEOPT UNPACKING pc=0x0000025e87585ba3 sp=0x00000093215fc0a0 mode 2
Event: 9.691 Thread 0x0000025ef6fd0e20 Uncommon trap: trap_request=0xffffffbe fr.pc=0x0000025e87b29d84 relative=0x00000000000003e4
Event: 9.691 Thread 0x0000025ef6fd0e20 Uncommon trap: reason=profile_predicate action=maybe_recompile pc=0x0000025e87b29d84 method=java.lang.Class.searchMethods([Ljava/lang/reflect/Method;Ljava/lang/String;[Ljava/lang/Class;)Ljava/lang/reflect/Method; @ 22 c2
Event: 9.691 Thread 0x0000025ef6fd0e20 DEOPT PACKING pc=0x0000025e87b29d84 sp=0x00000093215fc190
Event: 9.691 Thread 0x0000025ef6fd0e20 DEOPT UNPACKING pc=0x0000025e87585ba3 sp=0x00000093215fc110 mode 2
Event: 9.691 Thread 0x0000025ef6fd0e20 Uncommon trap: trap_request=0xffffffbe fr.pc=0x0000025e87b29d84 relative=0x00000000000003e4
Event: 9.691 Thread 0x0000025ef6fd0e20 Uncommon trap: reason=profile_predicate action=maybe_recompile pc=0x0000025e87b29d84 method=java.lang.Class.searchMethods([Ljava/lang/reflect/Method;Ljava/lang/String;[Ljava/lang/Class;)Ljava/lang/reflect/Method; @ 22 c2
Event: 9.691 Thread 0x0000025ef6fd0e20 DEOPT PACKING pc=0x0000025e87b29d84 sp=0x00000093215fc190
Event: 9.691 Thread 0x0000025ef6fd0e20 DEOPT UNPACKING pc=0x0000025e87585ba3 sp=0x00000093215fc110 mode 2
Event: 9.698 Thread 0x0000025ef6fd0e20 Uncommon trap: trap_request=0xffffff45 fr.pc=0x0000025e87c8eea0 relative=0x0000000000000180
Event: 9.698 Thread 0x0000025ef6fd0e20 Uncommon trap: reason=unstable_if action=reinterpret pc=0x0000025e87c8eea0 method=java.util.IdentityHashMap.maskNull(Ljava/lang/Object;)Ljava/lang/Object; @ 1 c2
Event: 9.698 Thread 0x0000025ef6fd0e20 DEOPT PACKING pc=0x0000025e87c8eea0 sp=0x00000093215fcdc0
Event: 9.698 Thread 0x0000025ef6fd0e20 DEOPT UNPACKING pc=0x0000025e87585ba3 sp=0x00000093215fcce8 mode 2
Event: 9.759 Thread 0x0000025ef6fd0e20 DEOPT PACKING pc=0x0000025e80944c0b sp=0x00000093215fcea0
Event: 9.759 Thread 0x0000025ef6fd0e20 DEOPT UNPACKING pc=0x0000025e875866e3 sp=0x00000093215fc3d8 mode 0
Event: 9.820 Thread 0x0000025ef6fd0e20 DEOPT PACKING pc=0x0000025e80944c0b sp=0x00000093215fc900
Event: 9.821 Thread 0x0000025ef6fd0e20 DEOPT UNPACKING pc=0x0000025e875866e3 sp=0x00000093215fbe38 mode 0

Classes unloaded (0 events):
No events

Classes redefined (0 events):
No events

Internal exceptions (20 events):
Event: 8.132 Thread 0x0000025ef6fd0e20 Exception <a 'sun/nio/fs/WindowsException'{0x000000008f70c9c0}> (0x000000008f70c9c0) 
thrown [s\open\src\hotspot\share\prims\jni.cpp, line 516]
Event: 8.132 Thread 0x0000025ef6fd0e20 Exception <a 'sun/nio/fs/WindowsException'{0x000000008f70cd10}> (0x000000008f70cd10) 
thrown [s\open\src\hotspot\share\prims\jni.cpp, line 516]
Event: 8.132 Thread 0x0000025ef6fd0e20 Exception <a 'sun/nio/fs/WindowsException'{0x000000008f70e118}> (0x000000008f70e118) 
thrown [s\open\src\hotspot\share\prims\jni.cpp, line 516]
Event: 8.132 Thread 0x0000025ef6fd0e20 Exception <a 'sun/nio/fs/WindowsException'{0x000000008f70e418}> (0x000000008f70e418) 
thrown [s\open\src\hotspot\share\prims\jni.cpp, line 516]
Event: 8.132 Thread 0x0000025ef6fd0e20 Exception <a 'sun/nio/fs/WindowsException'{0x000000008f70fa40}> (0x000000008f70fa40) 
thrown [s\open\src\hotspot\share\prims\jni.cpp, line 516]
Event: 8.132 Thread 0x0000025ef6fd0e20 Exception <a 'sun/nio/fs/WindowsException'{0x000000008f70fd88}> (0x000000008f70fd88) 
thrown [s\open\src\hotspot\share\prims\jni.cpp, line 516]
Event: 8.133 Thread 0x0000025ef6fd0e20 Exception <a 'sun/nio/fs/WindowsException'{0x000000008f711278}> (0x000000008f711278) 
thrown [s\open\src\hotspot\share\prims\jni.cpp, line 516]
Event: 8.133 Thread 0x0000025ef6fd0e20 Exception <a 'sun/nio/fs/WindowsException'{0x000000008f711648}> (0x000000008f711648) 
thrown [s\open\src\hotspot\share\prims\jni.cpp, line 516]
Event: 8.133 Thread 0x0000025ef6fd0e20 Exception <a 'sun/nio/fs/WindowsException'{0x000000008f713760}> (0x000000008f713760) 
thrown [s\open\src\hotspot\share\prims\jni.cpp, line 516]
Event: 8.133 Thread 0x0000025ef6fd0e20 Exception <a 'sun/nio/fs/WindowsException'{0x000000008f713af0}> (0x000000008f713af0) 
thrown [s\open\src\hotspot\share\prims\jni.cpp, line 516]
Event: 8.133 Thread 0x0000025ef6fd0e20 Exception <a 'sun/nio/fs/WindowsException'{0x000000008f714f90}> (0x000000008f714f90) 
thrown [s\open\src\hotspot\share\prims\jni.cpp, line 516]
Event: 8.133 Thread 0x0000025ef6fd0e20 Exception <a 'sun/nio/fs/WindowsException'{0x000000008f7152d8}> (0x000000008f7152d8) 
thrown [s\open\src\hotspot\share\prims\jni.cpp, line 516]
Event: 8.133 Thread 0x0000025ef6fd0e20 Exception <a 'sun/nio/fs/WindowsException'{0x000000008f7169a0}> (0x000000008f7169a0) 
thrown [s\open\src\hotspot\share\prims\jni.cpp, line 516]
Event: 8.133 Thread 0x0000025ef6fd0e20 Exception <a 'sun/nio/fs/WindowsException'{0x000000008f716d30}> (0x000000008f716d30) 
thrown [s\open\src\hotspot\share\prims\jni.cpp, line 516]
Event: 8.133 Thread 0x0000025ef6fd0e20 Exception <a 'sun/nio/fs/WindowsException'{0x000000008f718270}> (0x000000008f718270) 
thrown [s\open\src\hotspot\share\prims\jni.cpp, line 516]
Event: 8.134 Thread 0x0000025ef6fd0e20 Exception <a 'sun/nio/fs/WindowsException'{0x000000008f718688}> (0x000000008f718688) 
thrown [s\open\src\hotspot\share\prims\jni.cpp, line 516]
Event: 8.269 Thread 0x0000025ef6fd0e20 Implicit null exception at 0x0000025e87bc25ad to 0x0000025e87bc2998
Event: 8.297 Thread 0x0000025ef6fd0e20 Implicit null exception at 0x0000025e87bbffea to 0x0000025e87bc01cc
Event: 9.161 Thread 0x0000025ef6fd0e20 Implicit null exception at 0x0000025e87c9cefc to 0x0000025e87c9d4fc
Event: 9.698 Thread 0x0000025ef6fd0e20 Implicit null exception at 0x0000025e87c8ed4f to 0x0000025e87c8ee8c

VM Operations (20 events):
Event: 6.952 Executing VM operation: HandshakeAllThreads
Event: 6.952 Executing VM operation: HandshakeAllThreads done
Event: 7.227 Executing VM operation: ICBufferFull
Event: 7.227 Executing VM operation: ICBufferFull done
Event: 7.372 Executing VM operation: HandshakeAllThreads
Event: 7.372 Executing VM operation: HandshakeAllThreads done
Event: 7.435 Executing VM operation: G1CollectForAllocation
Event: 7.449 Executing VM operation: G1CollectForAllocation done
Event: 7.850 Executing VM operation: ICBufferFull
Event: 7.850 Executing VM operation: ICBufferFull done
Event: 8.035 Executing VM operation: ICBufferFull
Event: 8.035 Executing VM operation: ICBufferFull done
Event: 8.170 Executing VM operation: HandshakeAllThreads
Event: 8.170 Executing VM operation: HandshakeAllThreads done
Event: 9.175 Executing VM operation: Cleanup
Event: 9.176 Executing VM operation: Cleanup done
Event: 9.695 Executing VM operation: ICBufferFull
Event: 9.696 Executing VM operation: ICBufferFull done
Event: 9.737 Executing VM operation: HandshakeAllThreads
Event: 9.737 Executing VM operation: HandshakeAllThreads done

Events (20 events):
Event: 8.645 loading class java/util/regex/Pattern$NotBehind
Event: 8.645 loading class java/util/regex/Pattern$NotBehind done
Event: 8.713 loading class java/util/Vector$1
Event: 8.713 loading class java/util/Vector$1 done
Event: 9.062 loading class java/util/Collections$UnmodifiableSortedSet
Event: 9.063 loading class java/util/Collections$UnmodifiableSortedSet done
Event: 9.077 loading class java/util/IdentityHashMap$EntrySet
Event: 9.077 loading class java/util/IdentityHashMap$EntrySet done
Event: 9.077 loading class java/util/IdentityHashMap$EntryIterator
Event: 9.078 loading class java/util/IdentityHashMap$EntryIterator done
Event: 9.078 loading class java/util/IdentityHashMap$EntryIterator$Entry
Event: 9.078 loading class java/util/IdentityHashMap$EntryIterator$Entry done
Event: 9.622 loading class java/util/regex/Pattern$SliceI
Event: 9.622 loading class java/util/regex/Pattern$SliceI done
Event: 9.626 loading class java/util/regex/Pattern$Loop
Event: 9.627 loading class java/util/regex/Pattern$Loop done
Event: 9.627 loading class java/util/regex/Pattern$Prolog
Event: 9.627 loading class java/util/regex/Pattern$Prolog done
Event: 9.728 loading class java/util/regex/Pattern$LazyLoop
Event: 9.728 loading class java/util/regex/Pattern$LazyLoop done


Dynamic libraries:
0x00007ff7a3cb0000 - 0x00007ff7a3cc0000 	C:\Program Files\Java\jdk-17\bin\java.exe
0x00007ff945fb0000 - 0x00007ff9461c7000 	C:\WINDOWS\SYSTEM32\ntdll.dll
0x00007ff944a80000 - 0x00007ff944b44000 	C:\WINDOWS\System32\KERNEL32.DLL
0x00007ff943530000 - 0x00007ff9438d6000 	C:\WINDOWS\System32\KERNELBASE.dll
0x00007ff943a00000 - 0x00007ff943b11000 	C:\WINDOWS\System32\ucrtbase.dll
0x00007ff9363f0000 - 0x00007ff936409000 	C:\Program Files\Java\jdk-17\bin\jli.dll
0x00007ff935430000 - 0x00007ff93544b000 	C:\Program Files\Java\jdk-17\bin\VCRUNTIME140.dll
0x00007ff9442e0000 - 0x00007ff944391000 	C:\WINDOWS\System32\ADVAPI32.dll
0x00007ff944e30000 - 0x00007ff944ed7000 	C:\WINDOWS\System32\msvcrt.dll
0x00007ff943d20000 - 0x00007ff943dc5000 	C:\WINDOWS\System32\sechost.dll
0x00007ff944740000 - 0x00007ff944857000 	C:\WINDOWS\System32\RPCRT4.dll
0x00007ff9443a0000 - 0x00007ff94454e000 	C:\WINDOWS\System32\USER32.dll
0x00007ff943460000 - 0x00007ff943486000 	C:\WINDOWS\System32\win32u.dll
0x00007ff935d40000 - 0x00007ff935fd3000 	C:\WINDOWS\WinSxS\amd64_microsoft.windows.common-controls_6595b64144ccf1df_6.0.22621.2506_none_270c5ae97388e100\COMCTL32.dll
0x00007ff944e00000 - 0x00007ff944e29000 	C:\WINDOWS\System32\GDI32.dll
0x00007ff9438e0000 - 0x00007ff9439f8000 	C:\WINDOWS\System32\gdi32full.dll
0x00007ff943490000 - 0x00007ff94352a000 	C:\WINDOWS\System32\msvcp_win.dll
0x00007ff93d390000 - 0x00007ff93d39a000 	C:\WINDOWS\SYSTEM32\VERSION.dll
0x00007ff944690000 - 0x00007ff9446c1000 	C:\WINDOWS\System32\IMM32.DLL
0x00007ff93a9e0000 - 0x00007ff93a9ec000 	C:\Program Files\Java\jdk-17\bin\vcruntime140_1.dll
0x00007ff917720000 - 0x00007ff9177ae000 	C:\Program Files\Java\jdk-17\bin\msvcp140.dll
0x00007ff8b5450000 - 0x00007ff8b602e000 	C:\Program Files\Java\jdk-17\bin\server\jvm.dll
0x00007ff943d00000 - 0x00007ff943d08000 	C:\WINDOWS\System32\PSAPI.DLL
0x00007ff93c6b0000 - 0x00007ff93c6e4000 	C:\WINDOWS\SYSTEM32\WINMM.dll
0x00007ff93df70000 - 0x00007ff93df79000 	C:\WINDOWS\SYSTEM32\WSOCK32.dll
0x00007ff945a70000 - 0x00007ff945ae1000 	C:\WINDOWS\System32\WS2_32.dll
0x00007ff9422e0000 - 0x00007ff9422f8000 	C:\WINDOWS\SYSTEM32\kernel.appcore.dll
0x00007ff93a8d0000 - 0x00007ff93a8da000 	C:\Program Files\Java\jdk-17\bin\jimage.dll
0x00007ff940aa0000 - 0x00007ff940cd3000 	C:\WINDOWS\SYSTEM32\DBGHELP.DLL
0x00007ff943f50000 - 0x00007ff9442d9000 	C:\WINDOWS\System32\combase.dll
0x00007ff9445b0000 - 0x00007ff944687000 	C:\WINDOWS\System32\OLEAUT32.dll
0x00007ff93b770000 - 0x00007ff93b7a2000 	C:\WINDOWS\SYSTEM32\dbgcore.DLL
0x00007ff9433e0000 - 0x00007ff94345a000 	C:\WINDOWS\System32\bcryptPrimitives.dll
0x00007ff918290000 - 0x00007ff9182b5000 	C:\Program Files\Java\jdk-17\bin\java.dll
0x00007ff906e70000 - 0x00007ff906f47000 	C:\Program Files\Java\jdk-17\bin\jsvml.dll
0x00007ff9451f0000 - 0x00007ff945a4a000 	C:\WINDOWS\System32\SHELL32.dll
0x00007ff9411f0000 - 0x00007ff941ae6000 	C:\WINDOWS\SYSTEM32\windows.storage.dll
0x00007ff9410b0000 - 0x00007ff9411ee000 	C:\WINDOWS\SYSTEM32\wintypes.dll
0x00007ff944b60000 - 0x00007ff944c53000 	C:\WINDOWS\System32\SHCORE.dll
0x00007ff943ef0000 - 0x00007ff943f4e000 	C:\WINDOWS\System32\shlwapi.dll
0x00007ff943250000 - 0x00007ff943276000 	C:\WINDOWS\SYSTEM32\profapi.dll
0x00007ff934d70000 - 0x00007ff934d89000 	C:\Program Files\Java\jdk-17\bin\net.dll
0x00007ff93cde0000 - 0x00007ff93cf17000 	C:\WINDOWS\SYSTEM32\WINHTTP.dll
0x00007ff942750000 - 0x00007ff9427b9000 	C:\WINDOWS\system32\mswsock.dll
0x00007ff934b60000 - 0x00007ff934b76000 	C:\Program Files\Java\jdk-17\bin\nio.dll
0x00007ff934a80000 - 0x00007ff934a98000 	C:\Program Files\Java\jdk-17\bin\zip.dll
0x0000000069ac0000 - 0x0000000069ae4000 	E:\KHANG\TaiLieu\LTWEB\Tool\apache-maven-3.8.6-bin\apache-maven-3.8.6\lib\jansi-native\Windows\x86_64\jansi.dll
0x00007ff93a6e0000 - 0x00007ff93a6f0000 	C:\Program Files\Java\jdk-17\bin\verify.dll
0x00007ff942300000 - 0x00007ff942334000 	C:\WINDOWS\SYSTEM32\ntmarta.dll

dbghelp: loaded successfully - version: 4.0.5 - missing functions: none
symbol engine: initialized successfully - sym options: 0x614 - pdb path: .;C:\Program Files\Java\jdk-17\bin;C:\WINDOWS\SYSTEM32;C:\WINDOWS\WinSxS\amd64_microsoft.windows.common-controls_6595b64144ccf1df_6.0.22621.2506_none_270c5ae97388e100;C:\Program Files\Java\jdk-17\bin\server;E:\KHANG\TaiLieu\LTWEB\Tool\apache-maven-3.8.6-bin\apache-maven-3.8.6\lib\jansi-native\Windows\x86_64

VM Arguments:
jvm_args: -Dclassworlds.conf=E:\KHANG\TaiLieu\LTWEB\Tool\apache-maven-3.8.6-bin\apache-maven-3.8.6\bin\m2.conf -Dmaven.home=E:\KHANG\TaiLieu\LTWEB\Tool\apache-maven-3.8.6-bin\apache-maven-3.8.6 -Dlibrary.jansi.path=E:\KHANG\TaiLieu\LTWEB\Tool\apache-maven-3.8.6-bin\apache-maven-3.8.6\lib\jansi-native -Dmaven.multiModuleProjectDirectory=D:\khang\JETBRAIN_INTELLIJ\TIEULUANCHUYENNGANH\test\shoe-shop 
java_command: org.codehaus.plexus.classworlds.launcher.Launcher clean install -DskipTests
java_class_path (initial): E:\KHANG\TaiLieu\LTWEB\Tool\apache-maven-3.8.6-bin\apache-maven-3.8.6\boot\plexus-classworlds-2.6.0.jar
Launcher Type: SUN_STANDARD

[Global flags]
     intx CICompilerCount                          = 4                                         {product} {ergonomic}
     uint ConcGCThreads                            = 2                                         {product} {ergonomic}
     uint G1ConcRefinementThreads                  = 8                                         {product} {ergonomic}
   size_t G1HeapRegionSize                         = 1048576                                   {product} {ergonomic}
    uintx GCDrainStackTargetSize                   = 64                                        {product} {ergonomic}
   size_t InitialHeapSize                          = 132120576                                 {product} {ergonomic}
   size_t MarkStackSize                            = 4194304                                   {product} {ergonomic}
   size_t MaxHeapSize                              = 2097152000                                {product} {ergonomic}
   size_t MaxNewSize                               = 1258291200                                {product} {ergonomic}
   size_t MinHeapDeltaBytes                        = 1048576                                   {product} {ergonomic}
   size_t MinHeapSize                              = 8388608                                   {product} {ergonomic}
    uintx NonNMethodCodeHeapSize                   = 5839372                                {pd product} {ergonomic}
    uintx NonProfiledCodeHeapSize                  = 122909434                              {pd product} {ergonomic}
    uintx ProfiledCodeHeapSize                     = 122909434                              {pd product} {ergonomic}
    uintx ReservedCodeCacheSize                    = 251658240                              {pd product} {ergonomic}
     bool SegmentedCodeCache                       = true                                      {product} {ergonomic}
   size_t SoftMaxHeapSize                          = 2097152000                             {manageable} {ergonomic}
     bool UseCompressedClassPointers               = true                           {product lp64_product} {ergonomic}
     bool UseCompressedOops                        = true                           {product lp64_product} {ergonomic}
     bool UseG1GC                                  = true                                      {product} {ergonomic}
     bool UseLargePagesIndividualAllocation        = false                                  {pd product} {ergonomic}

Logging:
Log output configuration:
 #0: stdout all=warning uptime,level,tags
 #1: stderr all=off uptime,level,tags

Environment Variables:
JAVA_HOME=C:\Program Files\Java\jdk-17
PATH=E:\Scripts\;C:\Program Files\Common Files\Oracle\Java\javapath;C:\ProgramData\Oracle\Java\javapath;E:\KHANG\TaiLieu\LTWEB\Tool\apache-maven-3.8.6-bin\apache-maven-3.8.6;C:\Program Files (x86)\Common Files\Intel\Shared Libraries\redist\intel64\compiler;C:\Windows\system32;C:\Windows;C:\Windows\System32\Wbem;C:\Windows\System32\WindowsPowerShell\v1.0\;C:\Windows\System32\OpenSSH\;C:\Program Files\Microsoft SQL Server\Client SDK\ODBC\170\Tools\Binn\;C:\Program Files (x86)\Microsoft SQL Server\150\DTS\Binn\;C:\Program Files (x86)\Microsoft SQL Server\150\Tools\Binn\;C:\Program Files\Microsoft SQL Server\150\Tools\Binn\;C:\Program Files\Microsoft SQL Server\150\DTS\Binn\;C:\WINDOWS;C:\WINDOWS\System32\Wbem;C:\WINDOWS\System32\WindowsPowerShell\v1.0\;C:\WINDOWS\System32\OpenSSH\;C:\Program Files\Git\cmd;E:\KHANG\TaiLieu\LTWEB\Tool\apache-maven-3.8.6-bin\apache-maven-3.8.6\bin;C:\windows\system32\WindowsPowerShell\v1.0\Modules;C:\WINDOWS\system32;C:\WINDOWS;C:\WINDOWS\System32\Wbem;C:\WINDOWS\System32\WindowsPowerShell\v1.0\;C:\WINDOWS\System32\OpenSSH\;E:\KHANG\TaiLieu\LTWEB\Tool\apache-maven-3.8.6-bin\apache-maven-3.8.6;C:\Program Files\7-Zip;C:\Program Files\WinRAR;E:\Jenkins;C:\Program Files\Azure Data Studio\bin;C:\Program Files (x86)\Microsoft SQL Server\160\Tools\Binn\;C:\Program Files\Microsoft SQL Server\160\Tools\Binn\;C:\Program Files\Microsoft SQL Server\160\DTS\Binn\;C:\Program Files (x86)\Microsoft SQL Server\160\DTS\Binn\;C:\ProgramData\chocolatey\bin;C:\Program Files\Java\jdk-17\bin\;C:\Users\ADMIN\AppData\Local\Programs\Python\Python310\Scripts;C:\Users\ADMIN\AppData\Local\Programs\Python\Python310;E:\KHANG\TaiLieu\LTWEB\Tool\apache-tomcat-10.0.26\apache-tomcat-10.0.26\bin\;E:\KHANG\TaiLieu\LTWEB\Tool\apache-maven-3.8.6-bin\apache-maven-3.8.6\bin\;C:\Program Files\dotnet\;C:\Users\ADMIN\AppData\Roaming\Python\Python312\Scripts\;C:\Users\ADMIN\AppData\Roaming\Python\Python312\;C:\Users\ADMIN\AppData\Roaming\nvm;C:\Program Files\nodejs;C:\Program Files\Clo
USERNAME=ADMIN
OS=Windows_NT
PROCESSOR_IDENTIFIER=Intel64 Family 6 Model 126 Stepping 5, GenuineIntel



---------------  S Y S T E M  ---------------

OS:
 Windows 11 , 64 bit Build 22621 (10.0.22621.2506)
OS uptime: 7 days 12:57 hours
Hyper-V role detected

CPU: total 8 (initial active 8) (4 cores per cpu, 2 threads per core) family 6 model 126 stepping 5 microcode 0xa6, cx8, cmov, fxsr, ht, mmx, 3dnowpref, sse, sse2, sse3, ssse3, sse4.1, sse4.2, popcnt, lzcnt, tsc, tscinvbit, avx, avx2, aes, erms, clmul, bmi1, bmi2, adx, avx512f, avx512dq, avx512cd, avx512bw, avx512vl, sha, fma, vzeroupper, avx512_vpopcntdq, avx512_vpclmulqdq, avx512_vaes, avx512_vnni, clflush, clflushopt, avx512_vbmi2, avx512_vbmi, hv

Memory: 4k page, system-wide physical 7997M (248M free)
TotalPageFile size 23322M (AvailPageFile size 6M)
current process WorkingSet (physical memory assigned to process): 378M, peak: 378M
current process commit charge ("private bytes"): 448M, peak: 450M

vm_info: Java HotSpot(TM) 64-Bit Server VM (17.0.8+9-LTS-211) for windows-amd64 JRE (17.0.8+9-LTS-211), built on Jun 14 2023 10:34:31 by "mach5one" with MS VC++ 17.1 (VS2022)

END.
